Open5GS daemon v2.6.4-22-g93bcd7f

06/15 21:53:35.564: [app] INFO: Configuration: '/home/vagrant/open5gs/install/etc/open5gs/hss.yaml' (../lib/app/ogs-init.c:126)
06/15 21:53:35.564: [app] INFO: File Logging: '/home/vagrant/open5gs/install/var/log/open5gs/hss.log' (../lib/app/ogs-init.c:129)
06/15 21:53:35.565: [dbi] INFO: MongoDB URI: 'mongodb://localhost/open5gs' (../lib/dbi/ogs-mongoc.c:130)
06/15 21:53:35.609: [app] INFO: HSS initialize...done (../src/hss/app-init.c:31)
06/15 21:53:35.611: [diam] INFO: CONNECTED TO 'mme.localdomain' (SCTP,soc#15): (../lib/diameter/common/logger.c:108)
06/15 21:59:28.562: [dbi] INFO: [imsi-001010000000100] Cannot find IMSI in DB (../lib/dbi/subscription.c:56)
06/15 22:09:24.257: [app] INFO: Signal-NUM[28] received (Window changed) (../src/main.c:63)
06/15 22:09:25.002: [app] INFO: Signal-NUM[28] received (Window changed) (../src/main.c:63)
06/15 22:09:28.207: [app] INFO: Signal-NUM[28] received (Window changed) (../src/main.c:63)
06/15 22:09:33.457: [app] INFO: Signal-NUM[28] received (Window changed) (../src/main.c:63)
06/15 22:11:52.926: [app] INFO: SIGHUP received (../src/main.c:58)
06/15 22:11:52.978: [app] INFO: SIGHUP received (../src/main.c:58)
Open5GS daemon v2.6.4-22-g93bcd7f

06/15 22:14:01.889: [app] INFO: Configuration: '/home/vagrant/open5gs/install/etc/open5gs/hss.yaml' (../lib/app/ogs-init.c:126)
06/15 22:14:01.889: [app] INFO: File Logging: '/home/vagrant/open5gs/install/var/log/open5gs/hss.log' (../lib/app/ogs-init.c:129)
06/15 22:14:01.893: [dbi] INFO: MongoDB URI: 'mongodb://localhost/open5gs' (../lib/dbi/ogs-mongoc.c:130)
06/15 22:14:01.950: [app] INFO: HSS initialize...done (../src/hss/app-init.c:31)
06/15 22:14:01.951: [diam] INFO: CONNECTED TO 'mme.localdomain' (SCTP,soc#15): (../lib/diameter/common/logger.c:108)
06/15 22:15:36.455: [app] INFO: Signal-NUM[28] received (Window changed) (../src/main.c:63)
06/15 22:24:28.073: [app] INFO: SIGINT received (../src/main.c:53)
06/15 22:24:28.076: [app] INFO: Open5GS daemon terminating... (../src/main.c:226)
06/15 22:24:28.256: [app] INFO: HSS terminate...done (../src/hss/app-init.c:39)
Open5GS daemon v2.6.4-22-g93bcd7f

06/15 22:24:42.416: [app] INFO: Configuration: '/home/vagrant/open5gs/install/etc/open5gs/hss.yaml' (../lib/app/ogs-init.c:126)
06/15 22:24:42.416: [app] INFO: File Logging: '/home/vagrant/open5gs/install/var/log/open5gs/hss.log' (../lib/app/ogs-init.c:129)
06/15 22:24:42.421: [dbi] INFO: MongoDB URI: 'mongodb://localhost/open5gs' (../lib/dbi/ogs-mongoc.c:130)
06/15 22:24:42.508: [app] INFO: HSS initialize...done (../src/hss/app-init.c:31)
06/15 22:24:42.516: [diam] INFO: CONNECTED TO 'mme.localdomain' (SCTP,soc#15): (../lib/diameter/common/logger.c:108)
06/15 22:31:07.900: [app] INFO: SIGINT received (../src/main.c:53)
06/15 22:31:07.902: [app] INFO: Open5GS daemon terminating... (../src/main.c:226)
06/15 22:31:08.026: [app] INFO: HSS terminate...done (../src/hss/app-init.c:39)
Open5GS daemon v2.6.4-22-g93bcd7f

06/16 00:45:48.643: [app] INFO: Configuration: '/home/vagrant/open5gs/install/etc/open5gs/hss.yaml' (../lib/app/ogs-init.c:126)
06/16 00:45:48.643: [app] INFO: File Logging: '/home/vagrant/open5gs/install/var/log/open5gs/hss.log' (../lib/app/ogs-init.c:129)
06/16 00:45:48.686: [dbi] INFO: MongoDB URI: 'mongodb://localhost/open5gs' (../lib/dbi/ogs-mongoc.c:130)
06/16 00:45:48.797: [app] INFO: HSS initialize...done (../src/hss/app-init.c:31)
06/16 00:45:48.822: [diam] INFO: CONNECTED TO 'mme.localdomain' (SCTP,soc#15): (../lib/diameter/common/logger.c:108)
06/16 01:01:29.948: [app] INFO: SIGINT received (../src/main.c:53)
06/16 01:01:29.960: [app] INFO: Open5GS daemon terminating... (../src/main.c:226)
06/16 01:01:30.099: [app] INFO: HSS terminate...done (../src/hss/app-init.c:39)
Open5GS daemon v2.6.4-22-g93bcd7f

06/16 01:01:39.750: [app] INFO: Configuration: '/home/vagrant/open5gs/install/etc/open5gs/hss.yaml' (../lib/app/ogs-init.c:126)
06/16 01:01:39.750: [app] INFO: File Logging: '/home/vagrant/open5gs/install/var/log/open5gs/hss.log' (../lib/app/ogs-init.c:129)
06/16 01:01:39.752: [dbi] INFO: MongoDB URI: 'mongodb://localhost/open5gs' (../lib/dbi/ogs-mongoc.c:130)
06/16 01:01:39.811: [app] INFO: HSS initialize...done (../src/hss/app-init.c:31)
06/16 01:01:39.813: [diam] INFO: CONNECTED TO 'mme.localdomain' (SCTP,soc#15): (../lib/diameter/common/logger.c:108)
06/16 01:04:34.283: [app] INFO: SIGINT received (../src/main.c:53)
06/16 01:04:34.283: [app] INFO: Open5GS daemon terminating... (../src/main.c:226)
06/16 01:04:34.396: [app] INFO: HSS terminate...done (../src/hss/app-init.c:39)
Open5GS daemon v2.6.4-22-g93bcd7f

06/16 01:04:41.814: [app] INFO: Configuration: '/home/vagrant/open5gs/install/etc/open5gs/hss.yaml' (../lib/app/ogs-init.c:126)
06/16 01:04:41.814: [app] INFO: File Logging: '/home/vagrant/open5gs/install/var/log/open5gs/hss.log' (../lib/app/ogs-init.c:129)
06/16 01:04:41.815: [dbi] INFO: MongoDB URI: 'mongodb://localhost/open5gs' (../lib/dbi/ogs-mongoc.c:130)
06/16 01:04:41.858: [app] INFO: HSS initialize...done (../src/hss/app-init.c:31)
06/16 01:04:41.862: [diam] INFO: CONNECTED TO 'mme.localdomain' (SCTP,soc#15): (../lib/diameter/common/logger.c:108)
06/16 01:07:22.788: [app] INFO: SIGINT received (../src/main.c:53)
06/16 01:07:22.800: [app] INFO: Open5GS daemon terminating... (../src/main.c:226)
06/16 01:07:22.916: [app] INFO: HSS terminate...done (../src/hss/app-init.c:39)
Open5GS daemon v2.6.4-22-g93bcd7f

06/16 03:04:43.190: [app] INFO: Configuration: '/home/vagrant/open5gs/install/etc/open5gs/hss.yaml' (../lib/app/ogs-init.c:126)
06/16 03:04:43.190: [app] INFO: File Logging: '/home/vagrant/open5gs/install/var/log/open5gs/hss.log' (../lib/app/ogs-init.c:129)
06/16 03:04:43.236: [dbi] INFO: MongoDB URI: 'mongodb://localhost/open5gs' (../lib/dbi/ogs-mongoc.c:130)
06/16 03:04:43.301: [app] INFO: HSS initialize...done (../src/hss/app-init.c:31)
06/16 03:04:43.306: [diam] INFO: CONNECTED TO 'mme.localdomain' (SCTP,soc#15): (../lib/diameter/common/logger.c:108)
06/16 03:07:13.764: [diam] INFO: CONNECTED TO 'mme.localdomain' (SCTP,soc#9): (../lib/diameter/common/logger.c:108)
06/16 03:11:46.478: [diam] INFO: CONNECTED TO 'mme.localdomain' (SCTP,soc#15): (../lib/diameter/common/logger.c:108)
06/16 03:17:54.693: [diam] INFO: CONNECTED TO 'mme.localdomain' (SCTP,soc#9): (../lib/diameter/common/logger.c:108)
06/16 03:18:36.188: [diam] INFO: CONNECTED TO 'mme.localdomain' (SCTP,soc#15): (../lib/diameter/common/logger.c:108)
06/16 03:40:28.453: [app] INFO: SIGTERM received (../src/main.c:53)
06/16 03:40:28.454: [app] INFO: Open5GS daemon terminating... (../src/main.c:226)
06/16 03:40:28.666: [app] INFO: HSS terminate...done (../src/hss/app-init.c:39)
Open5GS daemon v2.6.4-22-g93bcd7f

06/17 14:30:23.444: [app] INFO: Configuration: '/home/vagrant/open5gs/install/etc/open5gs/hss.yaml' (../lib/app/ogs-init.c:126)
06/17 14:30:23.444: [app] INFO: File Logging: '/home/vagrant/open5gs/install/var/log/open5gs/hss.log' (../lib/app/ogs-init.c:129)
06/17 14:30:23.446: [dbi] INFO: MongoDB URI: 'mongodb://localhost/open5gs' (../lib/dbi/ogs-mongoc.c:130)
06/17 14:30:23.507: [app] INFO: HSS initialize...done (../src/hss/app-init.c:31)
06/17 14:30:23.510: [diam] INFO: CONNECTED TO 'mme.localdomain' (SCTP,soc#15): (../lib/diameter/common/logger.c:108)
06/17 14:44:15.598: [app] INFO: SIGTERM received (../src/main.c:53)
06/17 14:44:15.601: [app] INFO: Open5GS daemon terminating... (../src/main.c:226)
06/17 14:44:15.748: [app] INFO: HSS terminate...done (../src/hss/app-init.c:39)
Open5GS daemon v2.6.4-22-g93bcd7f

06/17 21:46:34.073: [app] INFO: Configuration: '/home/vagrant/open5gs/install/etc/open5gs/hss.yaml' (../lib/app/ogs-init.c:126)
06/17 21:46:34.073: [app] INFO: File Logging: '/home/vagrant/open5gs/install/var/log/open5gs/hss.log' (../lib/app/ogs-init.c:129)
06/17 21:46:34.089: [dbi] INFO: MongoDB URI: 'mongodb://localhost/open5gs' (../lib/dbi/ogs-mongoc.c:130)
06/17 21:46:34.144: [app] INFO: HSS initialize...done (../src/hss/app-init.c:31)
06/17 21:46:34.152: [diam] INFO: CONNECTED TO 'mme.localdomain' (SCTP,soc#15): (../lib/diameter/common/logger.c:108)
06/17 21:48:35.148: [diam] INFO: CONNECTED TO 'mme.localdomain' (SCTP,soc#9): (../lib/diameter/common/logger.c:108)
06/17 21:56:29.198: [app] INFO: SIGTERM received (../src/main.c:53)
06/17 21:56:29.199: [app] INFO: Open5GS daemon terminating... (../src/main.c:226)
06/17 21:56:29.334: [app] INFO: HSS terminate...done (../src/hss/app-init.c:39)
Open5GS daemon v2.6.4-22-g93bcd7f

06/17 21:56:48.751: [app] INFO: Configuration: '/home/vagrant/open5gs/install/etc/open5gs/hss.yaml' (../lib/app/ogs-init.c:126)
06/17 21:56:48.751: [app] INFO: File Logging: '/home/vagrant/open5gs/install/var/log/open5gs/hss.log' (../lib/app/ogs-init.c:129)
06/17 21:56:48.754: [dbi] INFO: MongoDB URI: 'mongodb://localhost/open5gs' (../lib/dbi/ogs-mongoc.c:130)
06/17 21:56:48.797: [app] INFO: HSS initialize...done (../src/hss/app-init.c:31)
06/17 21:56:48.798: [diam] INFO: CONNECTED TO 'mme.localdomain' (SCTP,soc#15): (../lib/diameter/common/logger.c:108)
06/17 22:00:41.107: [app] INFO: SIGTERM received (../src/main.c:53)
06/17 22:00:41.108: [app] INFO: Open5GS daemon terminating... (../src/main.c:226)
06/17 22:00:41.228: [app] INFO: HSS terminate...done (../src/hss/app-init.c:39)
Open5GS daemon v2.6.4-22-g93bcd7f

06/17 22:01:14.563: [app] INFO: Configuration: '/home/vagrant/open5gs/install/etc/open5gs/hss.yaml' (../lib/app/ogs-init.c:126)
06/17 22:01:14.563: [app] INFO: File Logging: '/home/vagrant/open5gs/install/var/log/open5gs/hss.log' (../lib/app/ogs-init.c:129)
06/17 22:01:14.566: [dbi] INFO: MongoDB URI: 'mongodb://localhost/open5gs' (../lib/dbi/ogs-mongoc.c:130)
06/17 22:01:14.604: [app] INFO: HSS initialize...done (../src/hss/app-init.c:31)
06/17 22:01:14.606: [diam] INFO: CONNECTED TO 'mme.localdomain' (SCTP,soc#15): (../lib/diameter/common/logger.c:108)
06/17 22:02:53.011: [app] INFO: SIGTERM received (../src/main.c:53)
06/17 22:02:53.011: [app] INFO: Open5GS daemon terminating... (../src/main.c:226)
06/17 22:02:53.135: [app] INFO: HSS terminate...done (../src/hss/app-init.c:39)
Open5GS daemon v2.6.4-22-g93bcd7f

06/17 22:07:39.812: [app] INFO: Configuration: '/home/vagrant/open5gs/install/etc/open5gs/hss.yaml' (../lib/app/ogs-init.c:126)
06/17 22:07:39.812: [app] INFO: File Logging: '/home/vagrant/open5gs/install/var/log/open5gs/hss.log' (../lib/app/ogs-init.c:129)
06/17 22:07:39.813: [dbi] INFO: MongoDB URI: 'mongodb://localhost/open5gs' (../lib/dbi/ogs-mongoc.c:130)
06/17 22:07:39.867: [app] INFO: HSS initialize...done (../src/hss/app-init.c:31)
06/17 22:07:39.869: [diam] INFO: CONNECTED TO 'mme.localdomain' (SCTP,soc#15): (../lib/diameter/common/logger.c:108)
06/17 22:08:44.563: [app] INFO: SIGTERM received (../src/main.c:53)
06/17 22:08:44.563: [app] INFO: Open5GS daemon terminating... (../src/main.c:226)
06/17 22:08:44.699: [app] INFO: HSS terminate...done (../src/hss/app-init.c:39)
Open5GS daemon v2.6.4-22-g93bcd7f

06/17 22:09:42.961: [app] INFO: Configuration: '/home/vagrant/open5gs/install/etc/open5gs/hss.yaml' (../lib/app/ogs-init.c:126)
06/17 22:09:42.961: [app] INFO: File Logging: '/home/vagrant/open5gs/install/var/log/open5gs/hss.log' (../lib/app/ogs-init.c:129)
06/17 22:09:42.967: [dbi] INFO: MongoDB URI: 'mongodb://localhost/open5gs' (../lib/dbi/ogs-mongoc.c:130)
06/17 22:09:43.101: [app] INFO: HSS initialize...done (../src/hss/app-init.c:31)
06/17 22:09:43.104: [diam] INFO: CONNECTED TO 'mme.localdomain' (SCTP,soc#15): (../lib/diameter/common/logger.c:108)
06/17 22:13:47.621: [app] INFO: SIGINT received (../src/main.c:53)
06/17 22:13:47.621: [app] INFO: Open5GS daemon terminating... (../src/main.c:226)
06/17 22:13:47.747: [app] INFO: HSS terminate...done (../src/hss/app-init.c:39)
Open5GS daemon v2.6.4-22-g93bcd7f

06/17 22:13:59.755: [app] INFO: Configuration: '/home/vagrant/open5gs/install/etc/open5gs/hss.yaml' (../lib/app/ogs-init.c:126)
06/17 22:13:59.755: [app] INFO: File Logging: '/home/vagrant/open5gs/install/var/log/open5gs/hss.log' (../lib/app/ogs-init.c:129)
06/17 22:13:59.756: [dbi] INFO: MongoDB URI: 'mongodb://localhost/open5gs' (../lib/dbi/ogs-mongoc.c:130)
06/17 22:13:59.803: [app] INFO: HSS initialize...done (../src/hss/app-init.c:31)
06/17 22:13:59.805: [diam] INFO: CONNECTED TO 'mme.localdomain' (SCTP,soc#15): (../lib/diameter/common/logger.c:108)
06/17 22:32:44.503: [app] INFO: SIGTERM received (../src/main.c:53)
06/17 22:32:44.505: [app] INFO: Open5GS daemon terminating... (../src/main.c:226)
06/17 22:32:44.672: [app] INFO: HSS terminate...done (../src/hss/app-init.c:39)
Open5GS daemon v2.6.4-22-g93bcd7f

06/17 22:34:17.868: [app] INFO: Configuration: '/home/vagrant/open5gs/install/etc/open5gs/hss.yaml' (../lib/app/ogs-init.c:126)
06/17 22:34:17.868: [app] INFO: File Logging: '/home/vagrant/open5gs/install/var/log/open5gs/hss.log' (../lib/app/ogs-init.c:129)
06/17 22:34:17.881: [dbi] INFO: MongoDB URI: 'mongodb://localhost/open5gs' (../lib/dbi/ogs-mongoc.c:130)
06/17 22:34:17.975: [app] INFO: HSS initialize...done (../src/hss/app-init.c:31)
06/17 22:34:17.980: [diam] INFO: CONNECTED TO 'mme.localdomain' (SCTP,soc#15): (../lib/diameter/common/logger.c:108)
06/17 22:36:29.256: [app] INFO: SIGTERM received (../src/main.c:53)
06/17 22:36:29.259: [app] INFO: Open5GS daemon terminating... (../src/main.c:226)
06/17 22:36:29.416: [app] INFO: HSS terminate...done (../src/hss/app-init.c:39)
Open5GS daemon v2.6.4-22-g93bcd7f

06/17 22:57:58.502: [app] INFO: Configuration: '/home/vagrant/open5gs/install/etc/open5gs/hss.yaml' (../lib/app/ogs-init.c:126)
06/17 22:57:58.502: [app] INFO: File Logging: '/home/vagrant/open5gs/install/var/log/open5gs/hss.log' (../lib/app/ogs-init.c:129)
06/17 22:57:58.507: [dbi] INFO: MongoDB URI: 'mongodb://localhost/open5gs' (../lib/dbi/ogs-mongoc.c:130)
06/17 22:57:58.543: [app] INFO: HSS initialize...done (../src/hss/app-init.c:31)
06/17 22:57:58.547: [diam] INFO: CONNECTED TO 'mme.localdomain' (SCTP,soc#15): (../lib/diameter/common/logger.c:108)
06/17 23:05:40.456: [app] INFO: SIGTERM received (../src/main.c:53)
06/17 23:05:40.457: [app] INFO: Open5GS daemon terminating... (../src/main.c:226)
06/17 23:05:40.601: [app] INFO: HSS terminate...done (../src/hss/app-init.c:39)
Open5GS daemon v2.6.4-22-g93bcd7f

06/17 23:08:36.117: [app] INFO: Configuration: '/home/vagrant/open5gs/install/etc/open5gs/hss.yaml' (../lib/app/ogs-init.c:126)
06/17 23:08:36.117: [app] INFO: File Logging: '/home/vagrant/open5gs/install/var/log/open5gs/hss.log' (../lib/app/ogs-init.c:129)
06/17 23:08:36.127: [dbi] INFO: MongoDB URI: 'mongodb://localhost/open5gs' (../lib/dbi/ogs-mongoc.c:130)
06/17 23:08:36.187: [app] INFO: HSS initialize...done (../src/hss/app-init.c:31)
06/17 23:08:36.189: [diam] INFO: CONNECTED TO 'mme.localdomain' (SCTP,soc#15): (../lib/diameter/common/logger.c:108)
06/17 23:09:51.306: [app] INFO: SIGTERM received (../src/main.c:53)
06/17 23:09:51.306: [app] INFO: Open5GS daemon terminating... (../src/main.c:226)
06/17 23:09:51.431: [app] INFO: HSS terminate...done (../src/hss/app-init.c:39)
Open5GS daemon v2.6.4-22-g93bcd7f

06/17 23:10:05.958: [app] INFO: Configuration: '/home/vagrant/open5gs/install/etc/open5gs/hss.yaml' (../lib/app/ogs-init.c:126)
06/17 23:10:05.958: [app] INFO: File Logging: '/home/vagrant/open5gs/install/var/log/open5gs/hss.log' (../lib/app/ogs-init.c:129)
06/17 23:10:05.960: [dbi] INFO: MongoDB URI: 'mongodb://localhost/open5gs' (../lib/dbi/ogs-mongoc.c:130)
06/17 23:10:06.001: [app] INFO: HSS initialize...done (../src/hss/app-init.c:31)
06/17 23:10:06.004: [diam] INFO: CONNECTED TO 'mme.localdomain' (SCTP,soc#15): (../lib/diameter/common/logger.c:108)
06/17 23:11:20.413: [app] INFO: SIGTERM received (../src/main.c:53)
06/17 23:11:20.418: [app] INFO: Open5GS daemon terminating... (../src/main.c:226)
06/17 23:11:20.550: [app] INFO: HSS terminate...done (../src/hss/app-init.c:39)
Open5GS daemon v2.6.4-22-g93bcd7f

06/17 23:13:46.973: [app] INFO: Configuration: '/home/vagrant/open5gs/install/etc/open5gs/hss.yaml' (../lib/app/ogs-init.c:126)
06/17 23:13:46.973: [app] INFO: File Logging: '/home/vagrant/open5gs/install/var/log/open5gs/hss.log' (../lib/app/ogs-init.c:129)
06/17 23:13:46.979: [dbi] INFO: MongoDB URI: 'mongodb://localhost/open5gs' (../lib/dbi/ogs-mongoc.c:130)
06/17 23:13:47.064: [app] INFO: HSS initialize...done (../src/hss/app-init.c:31)
06/17 23:13:47.067: [diam] INFO: CONNECTED TO 'mme.localdomain' (SCTP,soc#15): (../lib/diameter/common/logger.c:108)
06/17 23:16:58.146: [app] INFO: SIGTERM received (../src/main.c:53)
06/17 23:16:58.147: [app] INFO: Open5GS daemon terminating... (../src/main.c:226)
06/17 23:16:58.278: [app] INFO: HSS terminate...done (../src/hss/app-init.c:39)
Open5GS daemon v2.6.4-22-g93bcd7f

06/17 23:20:21.192: [app] INFO: Configuration: '/home/vagrant/open5gs/install/etc/open5gs/hss.yaml' (../lib/app/ogs-init.c:126)
06/17 23:20:21.192: [app] INFO: File Logging: '/home/vagrant/open5gs/install/var/log/open5gs/hss.log' (../lib/app/ogs-init.c:129)
06/17 23:20:21.194: [dbi] INFO: MongoDB URI: 'mongodb://localhost/open5gs' (../lib/dbi/ogs-mongoc.c:130)
06/17 23:20:21.285: [app] INFO: HSS initialize...done (../src/hss/app-init.c:31)
06/17 23:20:21.287: [diam] INFO: CONNECTED TO 'mme.localdomain' (SCTP,soc#15): (../lib/diameter/common/logger.c:108)
06/17 23:21:33.753: [app] INFO: SIGTERM received (../src/main.c:53)
06/17 23:21:33.755: [app] INFO: Open5GS daemon terminating... (../src/main.c:226)
06/17 23:21:33.919: [app] INFO: HSS terminate...done (../src/hss/app-init.c:39)
Open5GS daemon v2.6.4-22-g93bcd7f

06/17 23:22:32.982: [app] INFO: Configuration: '/home/vagrant/open5gs/install/etc/open5gs/hss.yaml' (../lib/app/ogs-init.c:126)
06/17 23:22:32.982: [app] INFO: File Logging: '/home/vagrant/open5gs/install/var/log/open5gs/hss.log' (../lib/app/ogs-init.c:129)
06/17 23:22:32.987: [dbi] INFO: MongoDB URI: 'mongodb://localhost/open5gs' (../lib/dbi/ogs-mongoc.c:130)
06/17 23:22:33.048: [app] INFO: HSS initialize...done (../src/hss/app-init.c:31)
06/17 23:22:33.050: [diam] INFO: CONNECTED TO 'mme.localdomain' (SCTP,soc#15): (../lib/diameter/common/logger.c:108)
06/17 23:24:35.403: [app] INFO: SIGTERM received (../src/main.c:53)
06/17 23:24:35.405: [app] INFO: Open5GS daemon terminating... (../src/main.c:226)
06/17 23:24:35.547: [app] INFO: HSS terminate...done (../src/hss/app-init.c:39)
Open5GS daemon v2.6.4-22-g93bcd7f

06/17 23:28:47.250: [app] INFO: Configuration: '/home/vagrant/open5gs/install/etc/open5gs/hss.yaml' (../lib/app/ogs-init.c:126)
06/17 23:28:47.250: [app] INFO: File Logging: '/home/vagrant/open5gs/install/var/log/open5gs/hss.log' (../lib/app/ogs-init.c:129)
06/17 23:28:47.253: [dbi] INFO: MongoDB URI: 'mongodb://localhost/open5gs' (../lib/dbi/ogs-mongoc.c:130)
06/17 23:28:47.311: [app] INFO: HSS initialize...done (../src/hss/app-init.c:31)
06/17 23:28:47.314: [diam] INFO: CONNECTED TO 'mme.localdomain' (SCTP,soc#15): (../lib/diameter/common/logger.c:108)
06/17 23:40:02.793: [app] INFO: SIGINT received (../src/main.c:53)
06/17 23:40:02.795: [app] INFO: Open5GS daemon terminating... (../src/main.c:226)
06/17 23:40:02.939: [app] INFO: HSS terminate...done (../src/hss/app-init.c:39)
Open5GS daemon v2.6.4-22-g93bcd7f

06/17 23:40:12.590: [app] INFO: Configuration: '/home/vagrant/open5gs/install/etc/open5gs/hss.yaml' (../lib/app/ogs-init.c:126)
06/17 23:40:12.590: [app] INFO: File Logging: '/home/vagrant/open5gs/install/var/log/open5gs/hss.log' (../lib/app/ogs-init.c:129)
06/17 23:40:12.593: [dbi] INFO: MongoDB URI: 'mongodb://localhost/open5gs' (../lib/dbi/ogs-mongoc.c:130)
06/17 23:40:12.640: [app] INFO: HSS initialize...done (../src/hss/app-init.c:31)
06/17 23:40:12.642: [diam] INFO: CONNECTED TO 'mme.localdomain' (SCTP,soc#15): (../lib/diameter/common/logger.c:108)
06/17 23:41:24.059: [app] INFO: SIGTERM received (../src/main.c:53)
06/17 23:41:24.061: [app] INFO: Open5GS daemon terminating... (../src/main.c:226)
06/17 23:41:24.214: [app] INFO: HSS terminate...done (../src/hss/app-init.c:39)
Open5GS daemon v2.6.4-22-g93bcd7f

06/17 23:49:56.363: [app] INFO: Configuration: '/home/vagrant/open5gs/install/etc/open5gs/hss.yaml' (../lib/app/ogs-init.c:126)
06/17 23:49:56.363: [app] INFO: File Logging: '/home/vagrant/open5gs/install/var/log/open5gs/hss.log' (../lib/app/ogs-init.c:129)
06/17 23:49:56.372: [dbi] INFO: MongoDB URI: 'mongodb://localhost/open5gs' (../lib/dbi/ogs-mongoc.c:130)
06/17 23:49:56.427: [app] INFO: HSS initialize...done (../src/hss/app-init.c:31)
06/17 23:49:56.429: [diam] INFO: CONNECTED TO 'mme.localdomain' (SCTP,soc#15): (../lib/diameter/common/logger.c:108)
06/18 00:25:43.294: [app] INFO: SIGTERM received (../src/main.c:53)
06/18 00:25:43.295: [app] INFO: Open5GS daemon terminating... (../src/main.c:226)
06/18 00:25:43.435: [app] INFO: HSS terminate...done (../src/hss/app-init.c:39)
Open5GS daemon v2.6.4-22-g93bcd7f

06/18 00:26:32.359: [app] INFO: Configuration: '/home/vagrant/open5gs/install/etc/open5gs/hss.yaml' (../lib/app/ogs-init.c:126)
06/18 00:26:32.359: [app] INFO: File Logging: '/home/vagrant/open5gs/install/var/log/open5gs/hss.log' (../lib/app/ogs-init.c:129)
06/18 00:26:32.365: [dbi] INFO: MongoDB URI: 'mongodb://localhost/open5gs' (../lib/dbi/ogs-mongoc.c:130)
06/18 00:26:32.436: [app] INFO: HSS initialize...done (../src/hss/app-init.c:31)
06/18 00:26:32.438: [diam] INFO: CONNECTED TO 'mme.localdomain' (SCTP,soc#15): (../lib/diameter/common/logger.c:108)
06/18 00:27:55.766: [app] INFO: SIGTERM received (../src/main.c:53)
06/18 00:27:55.768: [app] INFO: Open5GS daemon terminating... (../src/main.c:226)
06/18 00:27:55.928: [app] INFO: HSS terminate...done (../src/hss/app-init.c:39)
Open5GS daemon v2.6.4-22-g93bcd7f

06/18 00:30:08.607: [app] INFO: Configuration: '/home/vagrant/open5gs/install/etc/open5gs/hss.yaml' (../lib/app/ogs-init.c:126)
06/18 00:30:08.607: [app] INFO: File Logging: '/home/vagrant/open5gs/install/var/log/open5gs/hss.log' (../lib/app/ogs-init.c:129)
06/18 00:30:08.610: [dbi] INFO: MongoDB URI: 'mongodb://localhost/open5gs' (../lib/dbi/ogs-mongoc.c:130)
06/18 00:30:08.663: [app] INFO: HSS initialize...done (../src/hss/app-init.c:31)
06/18 00:30:08.668: [diam] INFO: CONNECTED TO 'mme.localdomain' (SCTP,soc#15): (../lib/diameter/common/logger.c:108)
06/18 00:30:58.365: [app] INFO: SIGTERM received (../src/main.c:53)
06/18 00:30:58.365: [app] INFO: Open5GS daemon terminating... (../src/main.c:226)
06/18 00:30:58.485: [app] INFO: HSS terminate...done (../src/hss/app-init.c:39)
Open5GS daemon v2.6.4-22-g93bcd7f

06/18 00:31:32.270: [app] INFO: Configuration: '/home/vagrant/open5gs/install/etc/open5gs/hss.yaml' (../lib/app/ogs-init.c:126)
06/18 00:31:32.270: [app] INFO: File Logging: '/home/vagrant/open5gs/install/var/log/open5gs/hss.log' (../lib/app/ogs-init.c:129)
06/18 00:31:32.273: [dbi] INFO: MongoDB URI: 'mongodb://localhost/open5gs' (../lib/dbi/ogs-mongoc.c:130)
06/18 00:31:32.388: [app] INFO: HSS initialize...done (../src/hss/app-init.c:31)
06/18 00:31:32.390: [diam] INFO: CONNECTED TO 'mme.localdomain' (SCTP,soc#15): (../lib/diameter/common/logger.c:108)
06/18 00:34:53.844: [app] INFO: SIGTERM received (../src/main.c:53)
06/18 00:34:53.845: [app] INFO: Open5GS daemon terminating... (../src/main.c:226)
06/18 00:34:53.980: [app] INFO: HSS terminate...done (../src/hss/app-init.c:39)
Open5GS daemon v2.6.4-22-g93bcd7f

06/18 00:40:20.728: [app] INFO: Configuration: '/home/vagrant/open5gs/install/etc/open5gs/hss.yaml' (../lib/app/ogs-init.c:126)
06/18 00:40:20.728: [app] INFO: File Logging: '/home/vagrant/open5gs/install/var/log/open5gs/hss.log' (../lib/app/ogs-init.c:129)
06/18 00:40:20.730: [dbi] INFO: MongoDB URI: 'mongodb://localhost/open5gs' (../lib/dbi/ogs-mongoc.c:130)
06/18 00:40:20.791: [app] INFO: HSS initialize...done (../src/hss/app-init.c:31)
06/18 00:40:20.793: [diam] INFO: CONNECTED TO 'mme.localdomain' (SCTP,soc#15): (../lib/diameter/common/logger.c:108)
06/18 00:41:58.869: [app] INFO: SIGTERM received (../src/main.c:53)
06/18 00:41:58.871: [app] INFO: Open5GS daemon terminating... (../src/main.c:226)
06/18 00:41:59.003: [app] INFO: HSS terminate...done (../src/hss/app-init.c:39)
Open5GS daemon v2.6.4-22-g93bcd7f

06/18 00:42:21.589: [app] INFO: Configuration: '/home/vagrant/open5gs/install/etc/open5gs/hss.yaml' (../lib/app/ogs-init.c:126)
06/18 00:42:21.589: [app] INFO: File Logging: '/home/vagrant/open5gs/install/var/log/open5gs/hss.log' (../lib/app/ogs-init.c:129)
06/18 00:42:21.592: [dbi] INFO: MongoDB URI: 'mongodb://localhost/open5gs' (../lib/dbi/ogs-mongoc.c:130)
06/18 00:42:21.662: [app] INFO: HSS initialize...done (../src/hss/app-init.c:31)
06/18 00:42:21.666: [diam] INFO: CONNECTED TO 'mme.localdomain' (SCTP,soc#15): (../lib/diameter/common/logger.c:108)
06/18 00:42:38.927: [app] INFO: SIGTERM received (../src/main.c:53)
06/18 00:42:38.927: [app] INFO: Open5GS daemon terminating... (../src/main.c:226)
06/18 00:42:39.050: [app] INFO: HSS terminate...done (../src/hss/app-init.c:39)
Open5GS daemon v2.6.4-22-g93bcd7f

06/18 00:42:57.720: [app] INFO: Configuration: '/home/vagrant/open5gs/install/etc/open5gs/hss.yaml' (../lib/app/ogs-init.c:126)
06/18 00:42:57.720: [app] INFO: File Logging: '/home/vagrant/open5gs/install/var/log/open5gs/hss.log' (../lib/app/ogs-init.c:129)
06/18 00:42:57.724: [dbi] INFO: MongoDB URI: 'mongodb://localhost/open5gs' (../lib/dbi/ogs-mongoc.c:130)
06/18 00:42:57.771: [app] INFO: HSS initialize...done (../src/hss/app-init.c:31)
06/18 00:42:57.775: [diam] INFO: CONNECTED TO 'mme.localdomain' (SCTP,soc#15): (../lib/diameter/common/logger.c:108)
06/18 00:50:38.994: [app] INFO: SIGTERM received (../src/main.c:53)
06/18 00:50:38.996: [app] INFO: Open5GS daemon terminating... (../src/main.c:226)
06/18 00:50:39.138: [app] INFO: HSS terminate...done (../src/hss/app-init.c:39)
Open5GS daemon v2.6.4-22-g93bcd7f

06/18 00:51:14.758: [app] INFO: Configuration: '/home/vagrant/open5gs/install/etc/open5gs/hss.yaml' (../lib/app/ogs-init.c:126)
06/18 00:51:14.758: [app] INFO: File Logging: '/home/vagrant/open5gs/install/var/log/open5gs/hss.log' (../lib/app/ogs-init.c:129)
06/18 00:51:14.764: [dbi] INFO: MongoDB URI: 'mongodb://localhost/open5gs' (../lib/dbi/ogs-mongoc.c:130)
06/18 00:51:14.813: [app] INFO: HSS initialize...done (../src/hss/app-init.c:31)
06/18 00:51:14.817: [diam] INFO: CONNECTED TO 'mme.localdomain' (SCTP,soc#15): (../lib/diameter/common/logger.c:108)
06/18 00:54:20.165: [app] INFO: SIGTERM received (../src/main.c:53)
06/18 00:54:20.167: [app] INFO: Open5GS daemon terminating... (../src/main.c:226)
06/18 00:54:20.303: [app] INFO: HSS terminate...done (../src/hss/app-init.c:39)
Open5GS daemon v2.6.4-22-g93bcd7f

06/18 00:55:56.605: [app] INFO: Configuration: '/home/vagrant/open5gs/install/etc/open5gs/hss.yaml' (../lib/app/ogs-init.c:126)
06/18 00:55:56.605: [app] INFO: File Logging: '/home/vagrant/open5gs/install/var/log/open5gs/hss.log' (../lib/app/ogs-init.c:129)
06/18 00:55:56.613: [dbi] INFO: MongoDB URI: 'mongodb://localhost/open5gs' (../lib/dbi/ogs-mongoc.c:130)
06/18 00:55:56.678: [app] INFO: HSS initialize...done (../src/hss/app-init.c:31)
06/18 00:55:56.681: [diam] INFO: CONNECTED TO 'mme.localdomain' (SCTP,soc#15): (../lib/diameter/common/logger.c:108)
06/18 00:56:25.635: [diam] INFO: CONNECTED TO 'mme.localdomain' (SCTP,soc#9): (../lib/diameter/common/logger.c:108)
06/18 00:57:47.086: [app] INFO: SIGTERM received (../src/main.c:53)
06/18 00:57:47.089: [app] INFO: Open5GS daemon terminating... (../src/main.c:226)
06/18 00:57:47.242: [app] INFO: HSS terminate...done (../src/hss/app-init.c:39)
Open5GS daemon v2.6.4-22-g93bcd7f

06/18 14:27:46.877: [app] INFO: Configuration: '/home/vagrant/open5gs/install/etc/open5gs/hss.yaml' (../lib/app/ogs-init.c:126)
06/18 14:27:46.877: [app] INFO: File Logging: '/home/vagrant/open5gs/install/var/log/open5gs/hss.log' (../lib/app/ogs-init.c:129)
06/18 14:27:46.889: [dbi] INFO: MongoDB URI: 'mongodb://localhost/open5gs' (../lib/dbi/ogs-mongoc.c:130)
06/18 14:27:46.972: [app] INFO: HSS initialize...done (../src/hss/app-init.c:31)
06/18 14:27:46.976: [diam] INFO: CONNECTED TO 'mme.localdomain' (SCTP,soc#15): (../lib/diameter/common/logger.c:108)
06/18 14:32:56.856: [app] INFO: SIGTERM received (../src/main.c:53)
06/18 14:32:56.858: [app] INFO: Open5GS daemon terminating... (../src/main.c:226)
06/18 14:32:56.976: [app] INFO: HSS terminate...done (../src/hss/app-init.c:39)
Open5GS daemon v2.6.4-22-g93bcd7f

06/18 15:00:46.831: [app] INFO: Configuration: '/home/vagrant/open5gs/install/etc/open5gs/hss.yaml' (../lib/app/ogs-init.c:126)
06/18 15:00:46.831: [app] INFO: File Logging: '/home/vagrant/open5gs/install/var/log/open5gs/hss.log' (../lib/app/ogs-init.c:129)
06/18 15:00:46.832: [dbi] INFO: MongoDB URI: 'mongodb://localhost/open5gs' (../lib/dbi/ogs-mongoc.c:130)
06/18 15:00:46.888: [app] INFO: HSS initialize...done (../src/hss/app-init.c:31)
06/18 15:00:46.892: [diam] INFO: CONNECTED TO 'mme.localdomain' (SCTP,soc#15): (../lib/diameter/common/logger.c:108)
06/18 15:07:31.872: [app] INFO: SIGTERM received (../src/main.c:53)
06/18 15:07:31.873: [app] INFO: Open5GS daemon terminating... (../src/main.c:226)
06/18 15:07:32.104: [app] INFO: HSS terminate...done (../src/hss/app-init.c:39)
Open5GS daemon v2.6.4-22-g93bcd7f

06/18 15:35:36.026: [app] INFO: Configuration: '/home/vagrant/open5gs/install/etc/open5gs/hss.yaml' (../lib/app/ogs-init.c:126)
06/18 15:35:36.026: [app] INFO: File Logging: '/home/vagrant/open5gs/install/var/log/open5gs/hss.log' (../lib/app/ogs-init.c:129)
06/18 15:35:36.032: [dbi] INFO: MongoDB URI: 'mongodb://localhost/open5gs' (../lib/dbi/ogs-mongoc.c:130)
06/18 15:35:36.092: [app] INFO: HSS initialize...done (../src/hss/app-init.c:31)
06/18 15:35:36.095: [diam] INFO: CONNECTED TO 'mme.localdomain' (SCTP,soc#15): (../lib/diameter/common/logger.c:108)
06/18 15:53:24.416: [app] INFO: SIGTERM received (../src/main.c:53)
06/18 15:53:24.418: [app] INFO: Open5GS daemon terminating... (../src/main.c:226)
06/18 15:53:24.798: [app] INFO: HSS terminate...done (../src/hss/app-init.c:39)
Open5GS daemon v2.6.4-22-g93bcd7f

06/18 15:57:16.625: [app] INFO: Configuration: '/home/vagrant/open5gs/install/etc/open5gs/hss.yaml' (../lib/app/ogs-init.c:126)
06/18 15:57:16.625: [app] INFO: File Logging: '/home/vagrant/open5gs/install/var/log/open5gs/hss.log' (../lib/app/ogs-init.c:129)
06/18 15:57:16.655: [dbi] INFO: MongoDB URI: 'mongodb://localhost/open5gs' (../lib/dbi/ogs-mongoc.c:130)
06/18 15:57:16.706: [app] INFO: HSS initialize...done (../src/hss/app-init.c:31)
06/18 15:57:16.709: [diam] INFO: CONNECTED TO 'mme.localdomain' (SCTP,soc#15): (../lib/diameter/common/logger.c:108)
06/18 15:58:34.759: [app] INFO: SIGTERM received (../src/main.c:53)
06/18 15:58:34.761: [app] INFO: Open5GS daemon terminating... (../src/main.c:226)
06/18 15:58:34.887: [app] INFO: HSS terminate...done (../src/hss/app-init.c:39)
Open5GS daemon v2.6.4-22-g93bcd7f

06/18 16:05:41.261: [app] INFO: Configuration: '/home/vagrant/open5gs/install/etc/open5gs/hss.yaml' (../lib/app/ogs-init.c:126)
06/18 16:05:41.261: [app] INFO: File Logging: '/home/vagrant/open5gs/install/var/log/open5gs/hss.log' (../lib/app/ogs-init.c:129)
06/18 16:05:41.269: [dbi] INFO: MongoDB URI: 'mongodb://localhost/open5gs' (../lib/dbi/ogs-mongoc.c:130)
06/18 16:05:41.317: [app] INFO: HSS initialize...done (../src/hss/app-init.c:31)
06/18 16:05:41.322: [diam] INFO: CONNECTED TO 'mme.localdomain' (SCTP,soc#15): (../lib/diameter/common/logger.c:108)
06/18 16:06:28.092: [app] INFO: SIGTERM received (../src/main.c:53)
06/18 16:06:28.092: [app] INFO: Open5GS daemon terminating... (../src/main.c:226)
06/18 16:06:28.222: [app] INFO: HSS terminate...done (../src/hss/app-init.c:39)
Open5GS daemon v2.6.4-22-g93bcd7f

06/18 16:57:32.814: [app] INFO: Configuration: '/home/vagrant/open5gs/install/etc/open5gs/hss.yaml' (../lib/app/ogs-init.c:126)
06/18 16:57:32.814: [app] INFO: File Logging: '/home/vagrant/open5gs/install/var/log/open5gs/hss.log' (../lib/app/ogs-init.c:129)
06/18 16:57:32.832: [dbi] INFO: MongoDB URI: 'mongodb://localhost/open5gs' (../lib/dbi/ogs-mongoc.c:130)
06/18 16:57:32.876: [app] INFO: HSS initialize...done (../src/hss/app-init.c:31)
06/18 16:57:32.884: [diam] INFO: CONNECTED TO 'mme.localdomain' (SCTP,soc#15): (../lib/diameter/common/logger.c:108)
06/18 17:00:19.290: [app] INFO: SIGTERM received (../src/main.c:53)
06/18 17:00:19.292: [app] INFO: Open5GS daemon terminating... (../src/main.c:226)
06/18 17:00:19.445: [app] INFO: HSS terminate...done (../src/hss/app-init.c:39)
Open5GS daemon v2.6.4-22-g93bcd7f

06/18 17:01:45.983: [app] INFO: Configuration: '/home/vagrant/open5gs/install/etc/open5gs/hss.yaml' (../lib/app/ogs-init.c:126)
06/18 17:01:45.983: [app] INFO: File Logging: '/home/vagrant/open5gs/install/var/log/open5gs/hss.log' (../lib/app/ogs-init.c:129)
06/18 17:01:45.989: [dbi] INFO: MongoDB URI: 'mongodb://localhost/open5gs' (../lib/dbi/ogs-mongoc.c:130)
06/18 17:01:46.035: [app] INFO: HSS initialize...done (../src/hss/app-init.c:31)
06/18 17:01:46.041: [diam] INFO: CONNECTED TO 'mme.localdomain' (SCTP,soc#15): (../lib/diameter/common/logger.c:108)
06/18 17:02:16.152: [diam] INFO: CONNECTED TO 'mme.localdomain' (SCTP,soc#9): (../lib/diameter/common/logger.c:108)
06/18 17:22:21.515: [app] INFO: SIGTERM received (../src/main.c:53)
06/18 17:22:21.516: [app] INFO: Open5GS daemon terminating... (../src/main.c:226)
06/18 17:22:21.672: [app] INFO: HSS terminate...done (../src/hss/app-init.c:39)
Open5GS daemon v2.6.4-22-g93bcd7f

06/18 17:22:36.433: [app] INFO: Configuration: '/home/vagrant/open5gs/install/etc/open5gs/hss.yaml' (../lib/app/ogs-init.c:126)
06/18 17:22:36.433: [app] INFO: File Logging: '/home/vagrant/open5gs/install/var/log/open5gs/hss.log' (../lib/app/ogs-init.c:129)
06/18 17:22:36.439: [dbi] INFO: MongoDB URI: 'mongodb://localhost/open5gs' (../lib/dbi/ogs-mongoc.c:130)
06/18 17:22:36.482: [app] INFO: HSS initialize...done (../src/hss/app-init.c:31)
06/18 17:22:36.485: [diam] INFO: CONNECTED TO 'mme.localdomain' (SCTP,soc#15): (../lib/diameter/common/logger.c:108)
06/18 17:24:08.089: [app] INFO: SIGTERM received (../src/main.c:53)
06/18 17:24:08.091: [app] INFO: Open5GS daemon terminating... (../src/main.c:226)
06/18 17:24:08.253: [app] INFO: HSS terminate...done (../src/hss/app-init.c:39)
Open5GS daemon v2.6.4-22-g93bcd7f

06/18 17:29:09.505: [app] INFO: Configuration: '/home/vagrant/open5gs/install/etc/open5gs/hss.yaml' (../lib/app/ogs-init.c:126)
06/18 17:29:09.505: [app] INFO: File Logging: '/home/vagrant/open5gs/install/var/log/open5gs/hss.log' (../lib/app/ogs-init.c:129)
06/18 17:29:09.514: [dbi] INFO: MongoDB URI: 'mongodb://localhost/open5gs' (../lib/dbi/ogs-mongoc.c:130)
06/18 17:29:09.565: [app] INFO: HSS initialize...done (../src/hss/app-init.c:31)
06/18 17:29:09.573: [diam] INFO: CONNECTED TO 'mme.localdomain' (SCTP,soc#15): (../lib/diameter/common/logger.c:108)
06/18 17:47:03.043: [diam] INFO: CONNECTED TO 'mme.localdomain' (SCTP,soc#9): (../lib/diameter/common/logger.c:108)
06/18 17:47:11.596: [app] INFO: SIGINT received (../src/main.c:53)
06/18 17:47:11.596: [app] INFO: Open5GS daemon terminating... (../src/main.c:226)
06/18 17:47:11.722: [app] INFO: HSS terminate...done (../src/hss/app-init.c:39)
Open5GS daemon v2.6.4-22-g93bcd7f

06/18 17:47:12.245: [app] INFO: Configuration: '/home/vagrant/open5gs/install/etc/open5gs/hss.yaml' (../lib/app/ogs-init.c:126)
06/18 17:47:12.246: [app] INFO: File Logging: '/home/vagrant/open5gs/install/var/log/open5gs/hss.log' (../lib/app/ogs-init.c:129)
06/18 17:47:12.252: [dbi] INFO: MongoDB URI: 'mongodb://localhost/open5gs' (../lib/dbi/ogs-mongoc.c:130)
06/18 17:47:12.303: [app] INFO: HSS initialize...done (../src/hss/app-init.c:31)
06/18 17:47:12.305: [diam] INFO: CONNECTED TO 'mme.localdomain' (SCTP,soc#15): (../lib/diameter/common/logger.c:108)
06/18 18:05:56.500: [app] INFO: SIGTERM received (../src/main.c:53)
06/18 18:05:56.502: [app] INFO: Open5GS daemon terminating... (../src/main.c:226)
06/18 18:05:56.650: [app] INFO: HSS terminate...done (../src/hss/app-init.c:39)
Open5GS daemon v2.6.4-22-g93bcd7f

06/18 18:06:11.222: [app] INFO: Configuration: '/home/vagrant/open5gs/install/etc/open5gs/hss.yaml' (../lib/app/ogs-init.c:126)
06/18 18:06:11.222: [app] INFO: File Logging: '/home/vagrant/open5gs/install/var/log/open5gs/hss.log' (../lib/app/ogs-init.c:129)
06/18 18:06:11.223: [dbi] INFO: MongoDB URI: 'mongodb://localhost/open5gs' (../lib/dbi/ogs-mongoc.c:130)
06/18 18:06:11.281: [app] INFO: HSS initialize...done (../src/hss/app-init.c:31)
06/18 18:06:11.284: [diam] INFO: CONNECTED TO 'mme.localdomain' (SCTP,soc#15): (../lib/diameter/common/logger.c:108)
06/18 18:07:14.625: [app] INFO: SIGTERM received (../src/main.c:53)
06/18 18:07:14.627: [app] INFO: Open5GS daemon terminating... (../src/main.c:226)
06/18 18:07:14.751: [app] INFO: HSS terminate...done (../src/hss/app-init.c:39)
Open5GS daemon v2.6.4-22-g93bcd7f

06/18 18:24:59.077: [app] INFO: Configuration: '/home/vagrant/open5gs/install/etc/open5gs/hss.yaml' (../lib/app/ogs-init.c:126)
06/18 18:24:59.077: [app] INFO: File Logging: '/home/vagrant/open5gs/install/var/log/open5gs/hss.log' (../lib/app/ogs-init.c:129)
06/18 18:24:59.083: [dbi] INFO: MongoDB URI: 'mongodb://localhost/open5gs' (../lib/dbi/ogs-mongoc.c:130)
06/18 18:24:59.137: [app] INFO: HSS initialize...done (../src/hss/app-init.c:31)
06/18 18:24:59.138: [diam] INFO: CONNECTED TO 'mme.localdomain' (SCTP,soc#15): (../lib/diameter/common/logger.c:108)
06/18 18:40:06.027: [app] INFO: SIGTERM received (../src/main.c:53)
06/18 18:40:06.029: [app] INFO: Open5GS daemon terminating... (../src/main.c:226)
06/18 18:40:06.176: [app] INFO: HSS terminate...done (../src/hss/app-init.c:39)
Open5GS daemon v2.6.4-22-g93bcd7f

06/18 21:37:38.452: [app] INFO: Configuration: '/home/vagrant/open5gs/install/etc/open5gs/hss.yaml' (../lib/app/ogs-init.c:126)
06/18 21:37:38.452: [app] INFO: File Logging: '/home/vagrant/open5gs/install/var/log/open5gs/hss.log' (../lib/app/ogs-init.c:129)
06/18 21:37:38.464: [dbi] INFO: MongoDB URI: 'mongodb://localhost/open5gs' (../lib/dbi/ogs-mongoc.c:130)
06/18 21:37:38.542: [app] INFO: HSS initialize...done (../src/hss/app-init.c:31)
06/18 21:37:38.546: [diam] INFO: CONNECTED TO 'mme.localdomain' (SCTP,soc#15): (../lib/diameter/common/logger.c:108)
06/18 21:40:16.252: [app] INFO: SIGTERM received (../src/main.c:53)
06/18 21:40:16.255: [app] INFO: Open5GS daemon terminating... (../src/main.c:226)
06/18 21:40:16.413: [app] INFO: HSS terminate...done (../src/hss/app-init.c:39)
Open5GS daemon v2.6.4-22-g93bcd7f

06/18 21:40:29.876: [app] INFO: Configuration: '/home/vagrant/open5gs/install/etc/open5gs/hss.yaml' (../lib/app/ogs-init.c:126)
06/18 21:40:29.876: [app] INFO: File Logging: '/home/vagrant/open5gs/install/var/log/open5gs/hss.log' (../lib/app/ogs-init.c:129)
06/18 21:40:29.883: [dbi] INFO: MongoDB URI: 'mongodb://localhost/open5gs' (../lib/dbi/ogs-mongoc.c:130)
06/18 21:40:29.945: [app] INFO: HSS initialize...done (../src/hss/app-init.c:31)
06/18 21:40:29.948: [diam] INFO: CONNECTED TO 'mme.localdomain' (SCTP,soc#15): (../lib/diameter/common/logger.c:108)
06/18 21:41:53.106: [app] INFO: SIGTERM received (../src/main.c:53)
06/18 21:41:53.107: [app] INFO: Open5GS daemon terminating... (../src/main.c:226)
06/18 21:41:53.238: [app] INFO: HSS terminate...done (../src/hss/app-init.c:39)
Open5GS daemon v2.6.4-22-g93bcd7f

06/18 22:39:35.033: [app] INFO: Configuration: '/home/vagrant/open5gs/install/etc/open5gs/hss.yaml' (../lib/app/ogs-init.c:126)
06/18 22:39:35.033: [app] INFO: File Logging: '/home/vagrant/open5gs/install/var/log/open5gs/hss.log' (../lib/app/ogs-init.c:129)
06/18 22:39:35.057: [dbi] INFO: MongoDB URI: 'mongodb://localhost/open5gs' (../lib/dbi/ogs-mongoc.c:130)
06/18 22:39:35.095: [app] INFO: HSS initialize...done (../src/hss/app-init.c:31)
06/18 22:39:35.100: [diam] INFO: CONNECTED TO 'mme.localdomain' (SCTP,soc#15): (../lib/diameter/common/logger.c:108)
06/18 22:40:44.832: [diam] INFO: CONNECTED TO 'mme.localdomain' (SCTP,soc#8): (../lib/diameter/common/logger.c:108)
06/18 22:43:57.421: [app] INFO: SIGTERM received (../src/main.c:53)
06/18 22:43:57.430: [app] INFO: Open5GS daemon terminating... (../src/main.c:226)
06/18 22:43:57.582: [app] INFO: HSS terminate...done (../src/hss/app-init.c:39)
Open5GS daemon v2.6.4-22-g93bcd7f

06/18 23:07:33.894: [app] INFO: Configuration: '/home/vagrant/open5gs/install/etc/open5gs/hss.yaml' (../lib/app/ogs-init.c:126)
06/18 23:07:33.894: [app] INFO: File Logging: '/home/vagrant/open5gs/install/var/log/open5gs/hss.log' (../lib/app/ogs-init.c:129)
06/18 23:07:33.899: [dbi] INFO: MongoDB URI: 'mongodb://localhost/open5gs' (../lib/dbi/ogs-mongoc.c:130)
06/18 23:07:33.961: [app] INFO: HSS initialize...done (../src/hss/app-init.c:31)
06/18 23:07:33.965: [diam] INFO: CONNECTED TO 'mme.localdomain' (SCTP,soc#15): (../lib/diameter/common/logger.c:108)
06/18 23:10:04.735: [app] INFO: SIGTERM received (../src/main.c:53)
06/18 23:10:04.737: [app] INFO: Open5GS daemon terminating... (../src/main.c:226)
06/18 23:10:04.885: [app] INFO: HSS terminate...done (../src/hss/app-init.c:39)
Open5GS daemon v2.6.4-22-g93bcd7f

06/18 23:12:02.751: [app] INFO: Configuration: '/home/vagrant/open5gs/install/etc/open5gs/hss.yaml' (../lib/app/ogs-init.c:126)
06/18 23:12:02.752: [app] INFO: File Logging: '/home/vagrant/open5gs/install/var/log/open5gs/hss.log' (../lib/app/ogs-init.c:129)
06/18 23:12:02.754: [dbi] INFO: MongoDB URI: 'mongodb://localhost/open5gs' (../lib/dbi/ogs-mongoc.c:130)
06/18 23:12:02.895: [app] INFO: HSS initialize...done (../src/hss/app-init.c:31)
06/18 23:12:02.898: [diam] INFO: CONNECTED TO 'mme.localdomain' (SCTP,soc#15): (../lib/diameter/common/logger.c:108)
06/18 23:12:30.147: [diam] INFO: CONNECTED TO 'mme.localdomain' (SCTP,soc#9): (../lib/diameter/common/logger.c:108)
06/18 23:13:34.490: [app] INFO: SIGTERM received (../src/main.c:53)
06/18 23:13:34.490: [app] INFO: Open5GS daemon terminating... (../src/main.c:226)
06/18 23:13:34.606: [app] INFO: HSS terminate...done (../src/hss/app-init.c:39)
Open5GS daemon v2.6.4-22-g93bcd7f

06/18 23:15:27.984: [app] INFO: Configuration: '/home/vagrant/open5gs/install/etc/open5gs/hss.yaml' (../lib/app/ogs-init.c:126)
06/18 23:15:27.984: [app] INFO: File Logging: '/home/vagrant/open5gs/install/var/log/open5gs/hss.log' (../lib/app/ogs-init.c:129)
06/18 23:15:27.986: [dbi] INFO: MongoDB URI: 'mongodb://localhost/open5gs' (../lib/dbi/ogs-mongoc.c:130)
06/18 23:15:28.037: [app] INFO: HSS initialize...done (../src/hss/app-init.c:31)
06/18 23:15:28.042: [diam] INFO: CONNECTED TO 'mme.localdomain' (SCTP,soc#15): (../lib/diameter/common/logger.c:108)
06/18 23:17:05.713: [app] INFO: SIGTERM received (../src/main.c:53)
06/18 23:17:05.715: [app] INFO: Open5GS daemon terminating... (../src/main.c:226)
06/18 23:17:05.837: [app] INFO: HSS terminate...done (../src/hss/app-init.c:39)
Open5GS daemon v2.6.4-22-g93bcd7f

06/18 23:17:19.445: [app] INFO: Configuration: '/home/vagrant/open5gs/install/etc/open5gs/hss.yaml' (../lib/app/ogs-init.c:126)
06/18 23:17:19.445: [app] INFO: File Logging: '/home/vagrant/open5gs/install/var/log/open5gs/hss.log' (../lib/app/ogs-init.c:129)
06/18 23:17:19.450: [dbi] INFO: MongoDB URI: 'mongodb://localhost/open5gs' (../lib/dbi/ogs-mongoc.c:130)
06/18 23:17:19.528: [app] INFO: HSS initialize...done (../src/hss/app-init.c:31)
06/18 23:17:19.529: [diam] INFO: CONNECTED TO 'mme.localdomain' (SCTP,soc#15): (../lib/diameter/common/logger.c:108)
06/18 23:18:16.608: [app] INFO: SIGTERM received (../src/main.c:53)
06/18 23:18:16.609: [app] INFO: Open5GS daemon terminating... (../src/main.c:226)
06/18 23:18:16.729: [app] INFO: HSS terminate...done (../src/hss/app-init.c:39)
Open5GS daemon v2.6.4-22-g93bcd7f

06/18 23:20:32.825: [app] INFO: Configuration: '/home/vagrant/open5gs/install/etc/open5gs/hss.yaml' (../lib/app/ogs-init.c:126)
06/18 23:20:32.825: [app] INFO: File Logging: '/home/vagrant/open5gs/install/var/log/open5gs/hss.log' (../lib/app/ogs-init.c:129)
06/18 23:20:32.828: [dbi] INFO: MongoDB URI: 'mongodb://localhost/open5gs' (../lib/dbi/ogs-mongoc.c:130)
06/18 23:20:32.880: [app] INFO: HSS initialize...done (../src/hss/app-init.c:31)
06/18 23:20:32.882: [diam] INFO: CONNECTED TO 'mme.localdomain' (SCTP,soc#15): (../lib/diameter/common/logger.c:108)
06/18 23:21:14.646: [app] INFO: SIGTERM received (../src/main.c:53)
06/18 23:21:14.648: [app] INFO: Open5GS daemon terminating... (../src/main.c:226)
06/18 23:21:14.769: [app] INFO: HSS terminate...done (../src/hss/app-init.c:39)
Open5GS daemon v2.6.4-22-g93bcd7f

06/19 00:12:14.963: [app] INFO: Configuration: '/home/vagrant/open5gs/install/etc/open5gs/hss.yaml' (../lib/app/ogs-init.c:126)
06/19 00:12:14.963: [app] INFO: File Logging: '/home/vagrant/open5gs/install/var/log/open5gs/hss.log' (../lib/app/ogs-init.c:129)
06/19 00:12:14.976: [dbi] INFO: MongoDB URI: 'mongodb://localhost/open5gs' (../lib/dbi/ogs-mongoc.c:130)
06/19 00:12:15.019: [app] INFO: HSS initialize...done (../src/hss/app-init.c:31)
06/19 00:12:15.021: [diam] INFO: CONNECTED TO 'mme.localdomain' (SCTP,soc#15): (../lib/diameter/common/logger.c:108)
06/19 00:14:10.960: [diam] INFO: CONNECTED TO 'mme.localdomain' (SCTP,soc#9): (../lib/diameter/common/logger.c:108)
06/19 00:27:24.480: [diam] INFO: CONNECTED TO 'mme.localdomain' (SCTP,soc#15): (../lib/diameter/common/logger.c:108)
06/19 00:31:29.762: [diam] INFO: CONNECTED TO 'mme.localdomain' (SCTP,soc#9): (../lib/diameter/common/logger.c:108)
06/19 00:31:42.959: [app] INFO: SIGTERM received (../src/main.c:53)
06/19 00:31:42.959: [app] INFO: Open5GS daemon terminating... (../src/main.c:226)
06/19 00:31:43.122: [app] INFO: HSS terminate...done (../src/hss/app-init.c:39)
Open5GS daemon v2.6.4-22-g93bcd7f

06/19 00:32:03.874: [app] INFO: Configuration: '/home/vagrant/open5gs/install/etc/open5gs/hss.yaml' (../lib/app/ogs-init.c:126)
06/19 00:32:03.874: [app] INFO: File Logging: '/home/vagrant/open5gs/install/var/log/open5gs/hss.log' (../lib/app/ogs-init.c:129)
06/19 00:32:03.877: [dbi] INFO: MongoDB URI: 'mongodb://localhost/open5gs' (../lib/dbi/ogs-mongoc.c:130)
06/19 00:32:03.935: [app] INFO: HSS initialize...done (../src/hss/app-init.c:31)
06/19 00:32:03.936: [diam] INFO: CONNECTED TO 'mme.localdomain' (SCTP,soc#15): (../lib/diameter/common/logger.c:108)
06/19 01:01:37.985: [diam] INFO: CONNECTED TO 'mme.localdomain' (SCTP,soc#9): (../lib/diameter/common/logger.c:108)
06/19 02:21:37.169: [app] INFO: SIGINT received (../src/main.c:53)
06/19 02:21:37.171: [app] INFO: Open5GS daemon terminating... (../src/main.c:226)
06/19 02:21:37.510: [app] INFO: HSS terminate...done (../src/hss/app-init.c:39)
Open5GS daemon v2.6.4-22-g93bcd7f

06/19 02:37:08.282: [app] INFO: Configuration: '/home/vagrant/open5gs/install/etc/open5gs/hss.yaml' (../lib/app/ogs-init.c:126)
06/19 02:37:08.282: [app] INFO: File Logging: '/home/vagrant/open5gs/install/var/log/open5gs/hss.log' (../lib/app/ogs-init.c:129)
06/19 02:37:08.295: [dbi] INFO: MongoDB URI: 'mongodb://localhost/open5gs' (../lib/dbi/ogs-mongoc.c:130)
06/19 02:37:08.526: [app] INFO: HSS initialize...done (../src/hss/app-init.c:31)
06/19 02:37:08.532: [diam] INFO: CONNECTED TO 'mme.localdomain' (SCTP,soc#12): (../lib/diameter/common/logger.c:108)
06/19 02:39:46.512: [app] INFO: SIGTERM received (../src/main.c:53)
06/19 02:39:46.512: [app] INFO: Open5GS daemon terminating... (../src/main.c:226)
06/19 02:39:46.639: [app] INFO: HSS terminate...done (../src/hss/app-init.c:39)
Open5GS daemon v2.6.4-22-g93bcd7f

06/19 02:41:14.626: [app] INFO: Configuration: '/home/vagrant/open5gs/install/etc/open5gs/hss.yaml' (../lib/app/ogs-init.c:126)
06/19 02:41:14.626: [app] INFO: File Logging: '/home/vagrant/open5gs/install/var/log/open5gs/hss.log' (../lib/app/ogs-init.c:129)
06/19 02:41:14.631: [dbi] INFO: MongoDB URI: 'mongodb://localhost/open5gs' (../lib/dbi/ogs-mongoc.c:130)
06/19 02:41:14.750: [app] INFO: HSS initialize...done (../src/hss/app-init.c:31)
06/19 02:41:14.789: [diam] INFO: CONNECTED TO 'mme.localdomain' (SCTP,soc#11): (../lib/diameter/common/logger.c:108)
06/19 02:47:51.906: [app] INFO: SIGTERM received (../src/main.c:53)
06/19 02:47:51.909: [app] INFO: Open5GS daemon terminating... (../src/main.c:226)
06/19 02:47:52.096: [app] INFO: HSS terminate...done (../src/hss/app-init.c:39)
Open5GS daemon v2.6.4-22-g93bcd7f

06/21 16:49:46.171: [app] INFO: Configuration: '/home/vagrant/open5gs/install/etc/open5gs/hss.yaml' (../lib/app/ogs-init.c:126)
06/21 16:49:46.171: [app] INFO: File Logging: '/home/vagrant/open5gs/install/var/log/open5gs/hss.log' (../lib/app/ogs-init.c:129)
06/21 16:49:46.173: [dbi] INFO: MongoDB URI: 'mongodb://localhost/open5gs' (../lib/dbi/ogs-mongoc.c:130)
06/21 16:49:46.247: [app] INFO: HSS initialize...done (../src/hss/app-init.c:31)
06/21 16:49:46.269: [diam] INFO: CONNECTED TO 'mme.localdomain' (SCTP,soc#11): (../lib/diameter/common/logger.c:108)
06/21 17:36:41.077: [app] INFO: SIGTERM received (../src/main.c:53)
06/21 17:36:41.079: [app] INFO: Open5GS daemon terminating... (../src/main.c:226)
06/21 17:36:41.367: [app] INFO: HSS terminate...done (../src/hss/app-init.c:39)
Open5GS daemon v2.6.4-22-g93bcd7f+

06/21 18:08:14.530: [app] INFO: Configuration: '/home/vagrant/open5gs/install/etc/open5gs/hss.yaml' (../lib/app/ogs-init.c:126)
06/21 18:08:14.530: [app] INFO: File Logging: '/home/vagrant/open5gs/install/var/log/open5gs/hss.log' (../lib/app/ogs-init.c:129)
06/21 18:08:14.534: [dbi] INFO: MongoDB URI: 'mongodb://localhost/open5gs' (../lib/dbi/ogs-mongoc.c:130)
06/21 18:08:14.661: [app] INFO: HSS initialize...done (../src/hss/app-init.c:31)
06/21 18:08:14.665: [diam] INFO: CONNECTED TO 'mme.localdomain' (SCTP,soc#15): (../lib/diameter/common/logger.c:108)
06/21 18:13:37.597: [app] INFO: SIGTERM received (../src/main.c:53)
06/21 18:13:37.603: [app] INFO: Open5GS daemon terminating... (../src/main.c:226)
06/21 18:13:37.846: [app] INFO: HSS terminate...done (../src/hss/app-init.c:39)
Open5GS daemon v2.6.4-22-g93bcd7f+

06/21 18:14:23.306: [app] INFO: Configuration: '/home/vagrant/open5gs/install/etc/open5gs/hss.yaml' (../lib/app/ogs-init.c:126)
06/21 18:14:23.307: [app] INFO: File Logging: '/home/vagrant/open5gs/install/var/log/open5gs/hss.log' (../lib/app/ogs-init.c:129)
06/21 18:14:23.323: [dbi] INFO: MongoDB URI: 'mongodb://localhost/open5gs' (../lib/dbi/ogs-mongoc.c:130)
06/21 18:14:23.454: [app] INFO: HSS initialize...done (../src/hss/app-init.c:31)
06/21 18:14:23.499: [diam] INFO: CONNECTED TO 'mme.localdomain' (SCTP,soc#12): (../lib/diameter/common/logger.c:108)
06/21 18:16:01.677: [app] INFO: SIGTERM received (../src/main.c:53)
06/21 18:16:01.681: [app] INFO: Open5GS daemon terminating... (../src/main.c:226)
06/21 18:16:01.835: [app] INFO: HSS terminate...done (../src/hss/app-init.c:39)
Open5GS daemon v2.6.4-22-g93bcd7f+

06/21 18:16:14.176: [app] INFO: Configuration: '/home/vagrant/open5gs/install/etc/open5gs/hss.yaml' (../lib/app/ogs-init.c:126)
06/21 18:16:14.176: [app] INFO: File Logging: '/home/vagrant/open5gs/install/var/log/open5gs/hss.log' (../lib/app/ogs-init.c:129)
06/21 18:16:14.182: [dbi] INFO: MongoDB URI: 'mongodb://localhost/open5gs' (../lib/dbi/ogs-mongoc.c:130)
06/21 18:16:14.255: [app] INFO: HSS initialize...done (../src/hss/app-init.c:31)
06/21 18:16:14.262: [diam] INFO: CONNECTED TO 'mme.localdomain' (SCTP,soc#13): (../lib/diameter/common/logger.c:108)
06/21 18:16:50.575: [app] INFO: SIGTERM received (../src/main.c:53)
06/21 18:16:50.577: [app] INFO: Open5GS daemon terminating... (../src/main.c:226)
06/21 18:16:50.713: [app] INFO: HSS terminate...done (../src/hss/app-init.c:39)
Open5GS daemon v2.6.4-22-g93bcd7f+

06/21 18:17:00.166: [app] INFO: Configuration: '/home/vagrant/open5gs/install/etc/open5gs/hss.yaml' (../lib/app/ogs-init.c:126)
06/21 18:17:00.166: [app] INFO: File Logging: '/home/vagrant/open5gs/install/var/log/open5gs/hss.log' (../lib/app/ogs-init.c:129)
06/21 18:17:00.168: [dbi] INFO: MongoDB URI: 'mongodb://localhost/open5gs' (../lib/dbi/ogs-mongoc.c:130)
06/21 18:17:00.278: [app] INFO: HSS initialize...done (../src/hss/app-init.c:31)
06/21 18:17:00.291: [diam] INFO: CONNECTED TO 'mme.localdomain' (TCP,soc#13): (../lib/diameter/common/logger.c:108)
06/21 18:17:56.452: [app] INFO: SIGTERM received (../src/main.c:53)
06/21 18:17:56.456: [app] INFO: Open5GS daemon terminating... (../src/main.c:226)
06/21 18:17:56.585: [app] INFO: HSS terminate...done (../src/hss/app-init.c:39)
Open5GS daemon v2.6.4-22-g93bcd7f+

06/21 19:15:58.793: [app] INFO: Configuration: '/home/vagrant/open5gs/install/etc/open5gs/hss.yaml' (../lib/app/ogs-init.c:126)
06/21 19:15:58.793: [app] INFO: File Logging: '/home/vagrant/open5gs/install/var/log/open5gs/hss.log' (../lib/app/ogs-init.c:129)
06/21 19:15:58.797: [dbi] INFO: MongoDB URI: 'mongodb://localhost/open5gs' (../lib/dbi/ogs-mongoc.c:130)
06/21 19:15:58.901: [app] INFO: HSS initialize...done (../src/hss/app-init.c:31)
06/21 19:15:59.008: [diam] INFO: CONNECTED TO 'mme.localdomain' (SCTP,soc#11): (../lib/diameter/common/logger.c:108)
06/21 19:17:06.437: [app] INFO: SIGTERM received (../src/main.c:53)
06/21 19:17:06.439: [app] INFO: Open5GS daemon terminating... (../src/main.c:226)
06/21 19:17:06.633: [app] INFO: HSS terminate...done (../src/hss/app-init.c:39)
Open5GS daemon v2.6.4-22-g93bcd7f+

06/21 19:17:53.444: [app] INFO: Configuration: '/home/vagrant/open5gs/install/etc/open5gs/hss.yaml' (../lib/app/ogs-init.c:126)
06/21 19:17:53.444: [app] INFO: File Logging: '/home/vagrant/open5gs/install/var/log/open5gs/hss.log' (../lib/app/ogs-init.c:129)
06/21 19:17:53.464: [dbi] INFO: MongoDB URI: 'mongodb://localhost/open5gs' (../lib/dbi/ogs-mongoc.c:130)
06/21 19:17:53.647: [app] INFO: HSS initialize...done (../src/hss/app-init.c:31)
06/21 19:17:53.656: [diam] INFO: CONNECTED TO 'mme.localdomain' (SCTP,soc#13): (../lib/diameter/common/logger.c:108)
06/21 19:18:45.997: [app] INFO: SIGTERM received (../src/main.c:53)
06/21 19:18:46.002: [app] INFO: Open5GS daemon terminating... (../src/main.c:226)
06/21 19:18:46.149: [app] INFO: HSS terminate...done (../src/hss/app-init.c:39)
